2019-10-13 14:32:13.848 [main] INFO  com.sun.uploads.UploadsApplication - Starting UploadsApplication on zcmdeMacBook-Pro.local with PID 3801 (/Users/zcm/Documents/GitHub/WeeklyPlanning/2019-10-07/uploads/target/classes started by zcm in /Users/zcm/Documents/GitHub/WeeklyPlanning/2019-10-07/uploads)
2019-10-13 14:32:13.851 [main] DEBUG com.sun.uploads.UploadsApplication - Running with Spring Boot v2.1.7.RELEASE, Spring v5.1.9.RELEASE
2019-10-13 14:32:13.852 [main] INFO  com.sun.uploads.UploadsApplication - No active profile set, falling back to default profiles: default
2019-10-13 14:33:18.446 [main] INFO  com.sun.uploads.UploadsApplication - Starting UploadsApplication on zcmdeMacBook-Pro.local with PID 3816 (/Users/zcm/Documents/GitHub/WeeklyPlanning/2019-10-07/uploads/target/classes started by zcm in /Users/zcm/Documents/GitHub/WeeklyPlanning/2019-10-07/uploads)
2019-10-13 14:33:18.448 [main] DEBUG com.sun.uploads.UploadsApplication - Running with Spring Boot v2.1.7.RELEASE, Spring v5.1.9.RELEASE
2019-10-13 14:33:18.449 [main] INFO  com.sun.uploads.UploadsApplication - No active profile set, falling back to default profiles: default
2019-10-13 14:33:21.793 [main] INFO  com.sun.uploads.UploadsApplication - Started UploadsApplication in 23.87 seconds (JVM running for 24.642)
2019-10-13 14:37:48.844 [main] INFO  com.sun.uploads.UploadsApplication - Starting UploadsApplication on zcmdeMacBook-Pro.local with PID 3826 (/Users/zcm/Documents/GitHub/WeeklyPlanning/2019-10-07/uploads/target/classes started by zcm in /Users/zcm/Documents/GitHub/WeeklyPlanning/2019-10-07/uploads)
2019-10-13 14:37:48.847 [main] DEBUG com.sun.uploads.UploadsApplication - Running with Spring Boot v2.1.7.RELEASE, Spring v5.1.9.RELEASE
2019-10-13 14:37:48.848 [main] INFO  com.sun.uploads.UploadsApplication - No active profile set, falling back to default profiles: default
2019-10-13 14:37:52.175 [main] INFO  com.sun.uploads.UploadsApplication - Started UploadsApplication in 23.918 seconds (JVM running for 24.61)
2019-10-13 14:50:16.837 [main] INFO  com.sun.uploads.UploadsApplication - Starting UploadsApplication on zcmdeMacBook-Pro.local with PID 3885 (/Users/zcm/Documents/GitHub/WeeklyPlanning/2019-10-07/uploads/target/classes started by zcm in /Users/zcm/Documents/GitHub/WeeklyPlanning/2019-10-07/uploads)
2019-10-13 14:50:16.840 [main] DEBUG com.sun.uploads.UploadsApplication - Running with Spring Boot v2.1.7.RELEASE, Spring v5.1.9.RELEASE
2019-10-13 14:50:16.841 [main] INFO  com.sun.uploads.UploadsApplication - No active profile set, falling back to default profiles: default
2019-10-13 14:50:20.545 [main] INFO  com.sun.uploads.UploadsApplication - Started UploadsApplication in 24.22 seconds (JVM running for 24.98)
2019-10-13 14:54:20.059 [main] INFO  com.sun.uploads.UploadsApplication - Starting UploadsApplication on zcmdeMacBook-Pro.local with PID 3899 (/Users/zcm/Documents/GitHub/WeeklyPlanning/2019-10-07/uploads/target/classes started by zcm in /Users/zcm/Documents/GitHub/WeeklyPlanning/2019-10-07/uploads)
2019-10-13 14:54:20.065 [main] DEBUG com.sun.uploads.UploadsApplication - Running with Spring Boot v2.1.7.RELEASE, Spring v5.1.9.RELEASE
2019-10-13 14:54:20.066 [main] INFO  com.sun.uploads.UploadsApplication - No active profile set, falling back to default profiles: default
2019-10-13 14:54:22.748 [main] INFO  com.sun.uploads.UploadsApplication - Started UploadsApplication in 23.12 seconds (JVM running for 23.826)
2019-10-13 14:58:19.287 [main] INFO  com.sun.uploads.UploadsApplication - Starting UploadsApplication on zcmdeMacBook-Pro.local with PID 3914 (/Users/zcm/Documents/GitHub/WeeklyPlanning/2019-10-07/uploads/target/classes started by zcm in /Users/zcm/Documents/GitHub/WeeklyPlanning/2019-10-07/uploads)
2019-10-13 14:58:19.290 [main] DEBUG com.sun.uploads.UploadsApplication - Running with Spring Boot v2.1.7.RELEASE, Spring v5.1.9.RELEASE
2019-10-13 14:58:19.290 [main] INFO  com.sun.uploads.UploadsApplication - No active profile set, falling back to default profiles: default
2019-10-13 14:58:21.999 [main] INFO  com.sun.uploads.UploadsApplication - Started UploadsApplication in 23.26 seconds (JVM running for 24.059)
2019-10-13 15:03:40.143 [main] INFO  com.sun.uploads.UploadsApplication - Starting UploadsApplication on zcmdeMacBook-Pro.local with PID 3935 (/Users/zcm/Documents/GitHub/WeeklyPlanning/2019-10-07/uploads/target/classes started by zcm in /Users/zcm/Documents/GitHub/WeeklyPlanning/2019-10-07/uploads)
2019-10-13 15:03:40.153 [main] DEBUG com.sun.uploads.UploadsApplication - Running with Spring Boot v2.1.7.RELEASE, Spring v5.1.9.RELEASE
2019-10-13 15:03:40.154 [main] INFO  com.sun.uploads.UploadsApplication - No active profile set, falling back to default profiles: default
2019-10-13 15:03:43.329 [main] INFO  com.sun.uploads.UploadsApplication - Started UploadsApplication in 23.71 seconds (JVM running for 24.587)
2019-10-13 15:13:41.530 [main] INFO  com.sun.uploads.UploadsApplication - Starting UploadsApplication on zcmdeMacBook-Pro.local with PID 3956 (/Users/zcm/Documents/GitHub/WeeklyPlanning/2019-10-07/uploads/target/classes started by zcm in /Users/zcm/Documents/GitHub/WeeklyPlanning/2019-10-07/uploads)
2019-10-13 15:13:41.532 [main] DEBUG com.sun.uploads.UploadsApplication - Running with Spring Boot v2.1.7.RELEASE, Spring v5.1.9.RELEASE
2019-10-13 15:13:41.532 [main] INFO  com.sun.uploads.UploadsApplication - No active profile set, falling back to default profiles: default
2019-10-13 15:13:44.365 [main] INFO  com.sun.uploads.UploadsApplication - Started UploadsApplication in 23.285 seconds (JVM running for 24.029)
2019-10-13 15:22:10.426 [main] INFO  com.sun.uploads.UploadsApplication - Starting UploadsApplication on zcmdeMacBook-Pro.local with PID 3972 (/Users/zcm/Documents/GitHub/WeeklyPlanning/2019-10-07/uploads/target/classes started by zcm in /Users/zcm/Documents/GitHub/WeeklyPlanning/2019-10-07/uploads)
2019-10-13 15:22:10.428 [main] DEBUG com.sun.uploads.UploadsApplication - Running with Spring Boot v2.1.7.RELEASE, Spring v5.1.9.RELEASE
2019-10-13 15:22:10.429 [main] INFO  com.sun.uploads.UploadsApplication - No active profile set, falling back to default profiles: default
2019-10-13 15:22:13.130 [main] INFO  com.sun.uploads.UploadsApplication - Started UploadsApplication in 23.168 seconds (JVM running for 23.829)
2019-10-13 15:24:30.247 [main] INFO  com.sun.uploads.UploadsApplication - Starting UploadsApplication on zcmdeMacBook-Pro.local with PID 3984 (/Users/zcm/Documents/GitHub/WeeklyPlanning/2019-10-07/uploads/target/classes started by zcm in /Users/zcm/Documents/GitHub/WeeklyPlanning/2019-10-07/uploads)
2019-10-13 15:24:30.249 [main] DEBUG com.sun.uploads.UploadsApplication - Running with Spring Boot v2.1.7.RELEASE, Spring v5.1.9.RELEASE
2019-10-13 15:24:30.250 [main] INFO  com.sun.uploads.UploadsApplication - No active profile set, falling back to default profiles: default
2019-10-13 15:24:33.079 [main] INFO  com.sun.uploads.UploadsApplication - Started UploadsApplication in 23.296 seconds (JVM running for 23.921)
2019-10-13 15:28:17.223 [main] INFO  com.sun.uploads.UploadsApplication - Starting UploadsApplication on zcmdeMacBook-Pro.local with PID 4000 (/Users/zcm/Documents/GitHub/WeeklyPlanning/2019-10-07/uploads/target/classes started by zcm in /Users/zcm/Documents/GitHub/WeeklyPlanning/2019-10-07/uploads)
2019-10-13 15:28:17.226 [main] DEBUG com.sun.uploads.UploadsApplication - Running with Spring Boot v2.1.7.RELEASE, Spring v5.1.9.RELEASE
2019-10-13 15:28:17.227 [main] INFO  com.sun.uploads.UploadsApplication - No active profile set, falling back to default profiles: default
2019-10-13 15:28:20.914 [main] INFO  com.sun.uploads.UploadsApplication - Started UploadsApplication in 24.204 seconds (JVM running for 25.031)
2019-10-13 15:28:37.368 [http-nio-8080-exec-4] ERROR com.sun.uploads.util.LogUtil - 方法:void com.sun.uploads.service.FileService.upload(String,String,MultipartFile) | 参数:nullnullorg.springframework.web.multipart.support.StandardMultipartHttpServletRequest$StandardMultipartFile@27f9510b | 错误行：203 | 时间:Sun Oct 13 15:28:37 CST 2019 | 异常内容:java.lang.NullPointerException
2019-10-13 15:28:37.371 [http-nio-8080-exec-4] ERROR com.sun.uploads.util.LogUtil - 方法:void com.sun.uploads.controller.FileUploadController.upload(String,String,MultipartFile) | 参数:nullnullorg.springframework.web.multipart.support.StandardMultipartHttpServletRequest$StandardMultipartFile@27f9510b | 错误行：203 | 时间:Sun Oct 13 15:28:37 CST 2019 | 异常内容:java.lang.NullPointerException
2019-10-13 15:34:20.567 [main] INFO  com.sun.uploads.UploadsApplication - Starting UploadsApplication on zcmdeMacBook-Pro.local with PID 4013 (/Users/zcm/Documents/GitHub/WeeklyPlanning/2019-10-07/uploads/target/classes started by zcm in /Users/zcm/Documents/GitHub/WeeklyPlanning/2019-10-07/uploads)
2019-10-13 15:34:20.569 [main] DEBUG com.sun.uploads.UploadsApplication - Running with Spring Boot v2.1.7.RELEASE, Spring v5.1.9.RELEASE
2019-10-13 15:34:20.569 [main] INFO  com.sun.uploads.UploadsApplication - No active profile set, falling back to default profiles: default
2019-10-13 15:34:23.343 [main] INFO  com.sun.uploads.UploadsApplication - Started UploadsApplication in 23.312 seconds (JVM running for 24.021)
2019-10-13 15:36:27.278 [http-nio-8080-exec-3] ERROR com.sun.uploads.util.LogUtil - 方法:int com.sun.uploads.dao.FileDao.save(FileModel) | 参数:FileModel(id=null, name=file, md5=, path=./upload/5423bf6e-a6d2-41d7-8809-193532778f12, uploadTime=Sun Oct 13 15:36:26 CST 2019) | 错误行：77 | 时间:Sun Oct 13 15:36:27 CST 2019 | 异常内容:org.mybatis.spring.MyBatisSystemException: nested exception is org.apache.ibatis.exceptions.PersistenceException: 
### Error updating database.  Cause: org.springframework.jdbc.CannotGetJdbcConnectionException: Failed to obtain JDBC Connection; nested exception is java.sql.SQLException: Access denied for user 'root'@'172.17.0.1' (using password: NO)
### Cause: org.springframework.jdbc.CannotGetJdbcConnectionException: Failed to obtain JDBC Connection; nested exception is java.sql.SQLException: Access denied for user 'root'@'172.17.0.1' (using password: NO)
2019-10-13 15:36:27.280 [http-nio-8080-exec-3] ERROR com.sun.uploads.util.LogUtil - 方法:void com.sun.uploads.service.FileService.upload(String,String,MultipartFile) | 参数:fileorg.springframework.web.multipart.support.StandardMultipartHttpServletRequest$StandardMultipartFile@2481cc1d | 错误行：77 | 时间:Sun Oct 13 15:36:27 CST 2019 | 异常内容:org.mybatis.spring.MyBatisSystemException: nested exception is org.apache.ibatis.exceptions.PersistenceException: 
### Error updating database.  Cause: org.springframework.jdbc.CannotGetJdbcConnectionException: Failed to obtain JDBC Connection; nested exception is java.sql.SQLException: Access denied for user 'root'@'172.17.0.1' (using password: NO)
### Cause: org.springframework.jdbc.CannotGetJdbcConnectionException: Failed to obtain JDBC Connection; nested exception is java.sql.SQLException: Access denied for user 'root'@'172.17.0.1' (using password: NO)
2019-10-13 15:36:27.280 [http-nio-8080-exec-3] ERROR com.sun.uploads.util.LogUtil - 方法:void com.sun.uploads.controller.FileUploadController.upload(MultipartFile) | 参数:org.springframework.web.multipart.support.StandardMultipartHttpServletRequest$StandardMultipartFile@2481cc1d | 错误行：77 | 时间:Sun Oct 13 15:36:27 CST 2019 | 异常内容:org.mybatis.spring.MyBatisSystemException: nested exception is org.apache.ibatis.exceptions.PersistenceException: 
### Error updating database.  Cause: org.springframework.jdbc.CannotGetJdbcConnectionException: Failed to obtain JDBC Connection; nested exception is java.sql.SQLException: Access denied for user 'root'@'172.17.0.1' (using password: NO)
### Cause: org.springframework.jdbc.CannotGetJdbcConnectionException: Failed to obtain JDBC Connection; nested exception is java.sql.SQLException: Access denied for user 'root'@'172.17.0.1' (using password: NO)
2019-10-13 15:38:38.560 [main] INFO  com.sun.uploads.UploadsApplication - Starting UploadsApplication on zcmdeMacBook-Pro.local with PID 4033 (/Users/zcm/Documents/GitHub/WeeklyPlanning/2019-10-07/uploads/target/classes started by zcm in /Users/zcm/Documents/GitHub/WeeklyPlanning/2019-10-07/uploads)
2019-10-13 15:38:38.564 [main] DEBUG com.sun.uploads.UploadsApplication - Running with Spring Boot v2.1.7.RELEASE, Spring v5.1.9.RELEASE
2019-10-13 15:38:38.565 [main] INFO  com.sun.uploads.UploadsApplication - No active profile set, falling back to default profiles: default
2019-10-13 15:38:41.286 [main] INFO  com.sun.uploads.UploadsApplication - Started UploadsApplication in 23.254 seconds (JVM running for 23.879)
2019-10-13 15:39:05.966 [http-nio-8080-exec-4] DEBUG com.sun.uploads.dao.FileDao.save - ==>  Preparing: insert into file(name,md5,path,upload_time) values(?,?,?,?) 
2019-10-13 15:39:06.007 [http-nio-8080-exec-4] DEBUG com.sun.uploads.dao.FileDao.save - ==> Parameters: file(String), (String), ./upload/e5e82d86-670b-419b-95dd-a357ea2b98ff(String), 2019-10-13 15:39:05.732(Timestamp)
2019-10-13 15:39:06.015 [http-nio-8080-exec-4] DEBUG com.sun.uploads.dao.FileDao.save - <==    Updates: 1
2019-10-13 15:41:02.247 [http-nio-8080-exec-6] DEBUG com.sun.uploads.dao.FileDao.save - ==>  Preparing: insert into file(name,md5,path,upload_time) values(?,?,?,?) 
2019-10-13 15:41:02.249 [http-nio-8080-exec-6] DEBUG com.sun.uploads.dao.FileDao.save - ==> Parameters: file(String), (String), ./upload/5c254604-078f-4032-9f7f-3303db4d986b(String), 2019-10-13 15:41:02.242(Timestamp)
2019-10-13 15:41:02.259 [http-nio-8080-exec-6] DEBUG com.sun.uploads.dao.FileDao.save - <==    Updates: 1
2019-10-13 15:45:54.449 [http-nio-8080-exec-9] DEBUG com.sun.uploads.dao.FileDao.save - ==>  Preparing: insert into file(name,md5,path,upload_time) values(?,?,?,?) 
2019-10-13 15:45:54.455 [http-nio-8080-exec-9] DEBUG com.sun.uploads.dao.FileDao.save - ==> Parameters: file(String), (String), ./upload/26c11512-3edb-42c4-967f-fa9ef9cbe195(String), 2019-10-13 15:45:54.443(Timestamp)
2019-10-13 15:45:54.464 [http-nio-8080-exec-9] DEBUG com.sun.uploads.dao.FileDao.save - <==    Updates: 1
2019-10-13 15:49:36.733 [main] INFO  com.sun.uploads.UploadsApplication - Starting UploadsApplication on zcmdeMacBook-Pro.local with PID 4085 (/Users/zcm/Documents/GitHub/WeeklyPlanning/2019-10-07/uploads/target/classes started by zcm in /Users/zcm/Documents/GitHub/WeeklyPlanning/2019-10-07/uploads)
2019-10-13 15:49:36.736 [main] DEBUG com.sun.uploads.UploadsApplication - Running with Spring Boot v2.1.7.RELEASE, Spring v5.1.9.RELEASE
2019-10-13 15:49:36.737 [main] INFO  com.sun.uploads.UploadsApplication - No active profile set, falling back to default profiles: default
2019-10-13 15:49:39.372 [main] INFO  com.sun.uploads.UploadsApplication - Started UploadsApplication in 23.068 seconds (JVM running for 23.727)
2019-10-13 15:51:03.994 [http-nio-8080-exec-4] DEBUG com.sun.uploads.dao.FileDao.save - ==>  Preparing: insert into file(name,md5,path,upload_time) values(?,?,?,?) 
2019-10-13 15:51:04.039 [http-nio-8080-exec-4] DEBUG com.sun.uploads.dao.FileDao.save - ==> Parameters: file(String), (String), /Users/zcm/Documents/GitHub/WeeklyPlanning/2019-10-07/uploads/72ad3878-e799-4321-96d9-e9e9666db5f7(String), 2019-10-13 15:51:03.72(Timestamp)
2019-10-13 15:51:04.045 [http-nio-8080-exec-4] DEBUG com.sun.uploads.dao.FileDao.save - <==    Updates: 1
2019-10-13 16:01:25.104 [main] INFO  com.sun.uploads.UploadsApplication - Starting UploadsApplication on zcmdeMacBook-Pro.local with PID 4101 (/Users/zcm/Documents/GitHub/WeeklyPlanning/2019-10-07/uploads/target/classes started by zcm in /Users/zcm/Documents/GitHub/WeeklyPlanning/2019-10-07/uploads)
2019-10-13 16:01:25.108 [main] DEBUG com.sun.uploads.UploadsApplication - Running with Spring Boot v2.1.7.RELEASE, Spring v5.1.9.RELEASE
2019-10-13 16:01:25.108 [main] INFO  com.sun.uploads.UploadsApplication - No active profile set, falling back to default profiles: default
2019-10-13 16:01:28.702 [main] INFO  com.sun.uploads.UploadsApplication - Started UploadsApplication in 24.149 seconds (JVM running for 25.555)
2019-10-13 16:02:04.801 [http-nio-8080-exec-1] DEBUG com.sun.uploads.dao.FileDao.save - ==>  Preparing: insert into file(name,md5,path,upload_time) values(?,?,?,?) 
2019-10-13 16:02:04.835 [http-nio-8080-exec-1] DEBUG com.sun.uploads.dao.FileDao.save - ==> Parameters: file(String), (String), ./uploads/1158cdd4-a606-4a65-8beb-b7667c8cfd3e(String), 2019-10-13 16:02:04.526(Timestamp)
2019-10-13 16:02:04.842 [http-nio-8080-exec-1] DEBUG com.sun.uploads.dao.FileDao.save - <==    Updates: 1
2019-10-13 16:14:37.560 [main] INFO  com.sun.uploads.UploadsApplication - Starting UploadsApplication on zcmdeMacBook-Pro.local with PID 4180 (/Users/zcm/Documents/GitHub/WeeklyPlanning/2019-10-07/uploads/target/classes started by zcm in /Users/zcm/Documents/GitHub/WeeklyPlanning/2019-10-07/uploads)
2019-10-13 16:14:37.563 [main] DEBUG com.sun.uploads.UploadsApplication - Running with Spring Boot v2.1.7.RELEASE, Spring v5.1.9.RELEASE
2019-10-13 16:14:37.564 [main] INFO  com.sun.uploads.UploadsApplication - No active profile set, falling back to default profiles: default
2019-10-13 16:14:40.349 [main] INFO  com.sun.uploads.UploadsApplication - Started UploadsApplication in 23.49 seconds (JVM running for 24.159)
2019-10-13 16:16:04.104 [main] INFO  com.sun.uploads.UploadsApplication - Starting UploadsApplication on zcmdeMacBook-Pro.local with PID 4187 (/Users/zcm/Documents/GitHub/WeeklyPlanning/2019-10-07/uploads/target/classes started by zcm in /Users/zcm/Documents/GitHub/WeeklyPlanning/2019-10-07/uploads)
2019-10-13 16:16:04.107 [main] DEBUG com.sun.uploads.UploadsApplication - Running with Spring Boot v2.1.7.RELEASE, Spring v5.1.9.RELEASE
2019-10-13 16:16:04.108 [main] INFO  com.sun.uploads.UploadsApplication - No active profile set, falling back to default profiles: default
2019-10-13 16:16:07.383 [main] INFO  com.sun.uploads.UploadsApplication - Started UploadsApplication in 23.798 seconds (JVM running for 24.582)
2019-10-13 16:16:26.281 [http-nio-8080-exec-4] ERROR com.sun.uploads.util.LogUtil - 方法:void com.sun.uploads.service.FileService.upload(String,String,MultipartFile) | 参数:bg.jpgorg.springframework.web.multipart.support.StandardMultipartHttpServletRequest$StandardMultipartFile@783e70fd | 错误行：-2 | 时间:Sun Oct 13 16:16:26 CST 2019 | 异常内容:java.io.FileNotFoundException: ./uploads/9d13fec6-c542-40b4-a062-bfd8bcc035a0 (No such file or directory)
2019-10-13 16:16:26.285 [http-nio-8080-exec-4] ERROR com.sun.uploads.util.LogUtil - 方法:void com.sun.uploads.controller.FileUploadController.upload(MultipartFile) | 参数:org.springframework.web.multipart.support.StandardMultipartHttpServletRequest$StandardMultipartFile@783e70fd | 错误行：-2 | 时间:Sun Oct 13 16:16:26 CST 2019 | 异常内容:java.io.FileNotFoundException: ./uploads/9d13fec6-c542-40b4-a062-bfd8bcc035a0 (No such file or directory)
2019-10-13 16:16:58.509 [http-nio-8080-exec-5] DEBUG com.sun.uploads.dao.FileDao.save - ==>  Preparing: insert into file(name,md5,path,upload_time) values(?,?,?,?) 
2019-10-13 16:16:58.539 [http-nio-8080-exec-5] DEBUG com.sun.uploads.dao.FileDao.save - ==> Parameters: bg.jpg(String), (String), ./uploads/04b3e478-9d24-4798-baff-4cafe00bf97c(String), 2019-10-13 16:16:58.238(Timestamp)
2019-10-13 16:16:58.544 [http-nio-8080-exec-5] DEBUG com.sun.uploads.dao.FileDao.save - <==    Updates: 1
2019-10-13 21:31:48.159 [main] INFO  com.sun.uploads.UploadsApplication - Starting UploadsApplication on zcmdeMacBook-Pro.local with PID 4335 (/Users/zcm/Documents/GitHub/WeeklyPlanning/2019-10-07/uploads/target/classes started by zcm in /Users/zcm/Documents/GitHub/WeeklyPlanning/2019-10-07/uploads)
2019-10-13 21:31:48.162 [main] DEBUG com.sun.uploads.UploadsApplication - Running with Spring Boot v2.1.7.RELEASE, Spring v5.1.9.RELEASE
2019-10-13 21:31:48.163 [main] INFO  com.sun.uploads.UploadsApplication - No active profile set, falling back to default profiles: default
2019-10-13 21:31:51.278 [main] INFO  com.sun.uploads.UploadsApplication - Started UploadsApplication in 23.716 seconds (JVM running for 24.521)
2019-10-13 21:34:24.893 [http-nio-8080-exec-8] DEBUG com.sun.uploads.dao.FileDao.save - ==>  Preparing: insert into file(name,md5,path,upload_time) values(?,?,?,?) 
2019-10-13 21:34:24.903 [http-nio-8080-exec-7] DEBUG com.sun.uploads.dao.FileDao.save - ==>  Preparing: insert into file(name,md5,path,upload_time) values(?,?,?,?) 
2019-10-13 21:34:24.932 [http-nio-8080-exec-7] DEBUG com.sun.uploads.dao.FileDao.save - ==> Parameters: bg.jpg(String), (String), ./uploads/0618671d-0f5c-4cc4-b476-57271a5ce507(String), 2019-10-13 21:34:24.617(Timestamp)
2019-10-13 21:34:24.932 [http-nio-8080-exec-8] DEBUG com.sun.uploads.dao.FileDao.save - ==> Parameters: bg的副本.jpg(String), (String), ./uploads/e24723fc-54d1-4944-8a17-b528b1e4e161(String), 2019-10-13 21:34:24.619(Timestamp)
2019-10-13 21:34:24.938 [http-nio-8080-exec-8] DEBUG com.sun.uploads.dao.FileDao.save - <==    Updates: 1
2019-10-13 21:34:24.943 [http-nio-8080-exec-7] DEBUG com.sun.uploads.dao.FileDao.save - <==    Updates: 1
2019-10-13 21:35:12.456 [http-nio-8080-exec-10] DEBUG com.sun.uploads.dao.FileDao.save - ==>  Preparing: insert into file(name,md5,path,upload_time) values(?,?,?,?) 
2019-10-13 21:35:12.456 [http-nio-8080-exec-1] DEBUG com.sun.uploads.dao.FileDao.save - ==>  Preparing: insert into file(name,md5,path,upload_time) values(?,?,?,?) 
2019-10-13 21:35:12.458 [http-nio-8080-exec-10] DEBUG com.sun.uploads.dao.FileDao.save - ==> Parameters: bg.jpg(String), (String), ./uploads/df8429c6-9183-44dd-854a-3ef52b86a323(String), 2019-10-13 21:35:12.452(Timestamp)
2019-10-13 21:35:12.458 [http-nio-8080-exec-1] DEBUG com.sun.uploads.dao.FileDao.save - ==> Parameters: bg的副本.jpg(String), (String), ./uploads/685ef906-31e4-4e78-9444-1b4a76cbaaab(String), 2019-10-13 21:35:12.453(Timestamp)
2019-10-13 21:35:12.466 [http-nio-8080-exec-10] DEBUG com.sun.uploads.dao.FileDao.save - <==    Updates: 1
2019-10-13 21:35:12.466 [http-nio-8080-exec-1] DEBUG com.sun.uploads.dao.FileDao.save - <==    Updates: 1
